Request method:	GET
Request URI:	http://121.5.70.157:9001/api/user/v1/detail
Proxy:			<none>
Request params:	<none>
Query params:	<none>
Form params:	<none>
Path params:	<none>
Headers:		token=null
				Accept=*/*
				Content-Type=application/json; charset=UTF-8
Cookies:		<none>
Multiparts:		<none>
Body:			<none>
HTTP/1.1 200 
Content-Type: application/json;charset=utf-8
Transfer-Encoding: chunked
Date: Fri, 21 Oct 2022 06:56:28 GMT
Keep-Alive: timeout=60
Connection: keep-alive

{
    "code": 250004,
    "data": null,
    "msg": "未登录"
}
